2025-05-10 18:54:05,867 - INFO - ==================================================
2025-05-10 18:54:05,867 - INFO - 开始涨停股票筛选
2025-05-10 18:54:05,867 - INFO - ==================================================
2025-05-10 18:54:05,868 - INFO - 正在获取市场数据...
2025-05-10 18:54:06,998 - INFO - API返回总股票数: 100
2025-05-10 18:54:06,999 - INFO - 开始筛选，原始股票数量: 100
2025-05-10 18:54:06,999 - INFO - 筛选结果: 前缀筛选后:62只, 排除ST后:62只, 排除科创板后:56只, 排除高价股后:50只, 最终涨停股票:29只
2025-05-10 18:54:06,999 - INFO - 筛选出29只涨停股票
2025-05-10 18:54:07,224 - INFO - 推荐结果已保存到: C:\Users\Lenovo\Desktop\short-swing quantitative project1\output\涨停优选股_20250510.xlsx
2025-05-10 18:54:07,224 - INFO - 今日推荐涨停股票(Top 10):
2025-05-10 18:54:07,224 - INFO - 1. 山东章鼓(002598): 评分170.94, 换手率23.72%, 理由: 量比高(7.70)、换手率高(23.72%)、流通市值适中(36.10亿)、成交活跃(7.43亿)
2025-05-10 18:54:07,224 - INFO - 2. 红墙股份(002809): 评分165.84, 换手率38.02%, 理由: 换手率高(38.02%)、流通市值适中(28.95亿)、成交活跃(6.87亿)
2025-05-10 18:54:07,224 - INFO - 3. 甘化科工(000576): 评分157.79, 换手率17.92%, 理由: 量比高(7.39)、换手率高(17.92%)、流通市值适中(37.84亿)、成交活跃(6.55亿)
2025-05-10 18:54:07,224 - INFO - 4. 麒盛科技(603610): 评分154.50, 换手率24.65%, 理由: 量比高(5.04)、换手率高(24.65%)、成交活跃(12.66亿)
2025-05-10 18:54:07,224 - INFO - 5. 利君股份(002651): 评分154.04, 换手率28.02%, 理由: 量比高(3.60)、换手率高(28.02%)、成交活跃(14.03亿)
2025-05-10 18:54:07,224 - INFO - 6. 科华生物(002022): 评分143.73, 换手率9.36%, 理由: 量比高(9.20)、换手率高(9.36%)、流通市值适中(32.71亿)
2025-05-10 18:54:07,224 - INFO - 7. 春光科技(603657): 评分141.42, 换手率17.06%, 理由: 量比高(4.46)、换手率高(17.06%)、流通市值适中(33.62亿)、成交活跃(5.47亿)
2025-05-10 18:54:07,224 - INFO - 8. 翔鹭钨业(002842): 评分139.93, 换手率18.62%, 理由: 量比高(4.18)、换手率高(18.62%)、流通市值适中(26.24亿)
2025-05-10 18:54:07,224 - INFO - 9. 武汉凡谷(002194): 评分137.16, 换手率25.08%, 理由: 换手率高(25.08%)、成交活跃(17.52亿)
2025-05-10 18:54:07,225 - INFO - 10. 百达精工(603331): 评分133.22, 换手率16.41%, 理由: 量比高(3.80)、换手率高(16.41%)、流通市值适中(23.21亿)
2025-05-10 18:54:07,225 - INFO - 选股程序运行完成，耗时1.36秒
2025-05-10 18:54:07,225 - INFO - 结果已保存到Excel文件: C:\Users\Lenovo\Desktop\short-swing quantitative project1\output\涨停优选股_20250510.xlsx
2025-05-10 18:54:07,225 - INFO - 尝试使用系统默认方式打开Excel文件...
2025-05-10 18:54:07,410 - INFO - 已自动打开Excel文件
